<?xml version="1.0" encoding="UTF-8"?>
<!-- Generated by org.testng.reporters.JUnitReportReporter -->
<testsuite hostname="DESKTOP-N81QGQG" name="testcases.FirstTestCase4" tests="2" failures="0" timestamp="17 Mar 2019 21:37:54 GMT" time="2.956" errors="0">
  <testcase name="verifyLogin" time="1.779" classname="testcases.FirstTestCase4"/>
  <testcase name="verifyValidUser" time="1.177" classname="testcases.FirstTestCase4"/>
</testsuite> <!-- testcases.FirstTestCase4 -->
