<?xml version="1.0" encoding="UTF-8"?>
<!-- Generated by org.testng.reporters.JUnitReportReporter -->
<testsuite hostname="DESKTOP-N81QGQG" name="testcases.Secondtestcase2" tests="2" failures="0" timestamp="17 Mar 2019 07:46:14 GMT" time="10.698" errors="0">
  <testcase name="verifyValidUser" time="5.382" classname="testcases.Secondtestcase2"/>
  <testcase name="verifyValidUser" time="5.316" classname="testcases.Secondtestcase2"/>
</testsuite> <!-- testcases.Secondtestcase2 -->
