<?xml version="1.0" encoding="UTF-8"?>
<!-- Generated by org.testng.reporters.JUnitReportReporter -->
<testsuite hostname="DESKTOP-N81QGQG" name="testcases.ThirdTestCase" tests="1" failures="0" timestamp="17 Mar 2019 19:41:16 GMT" time="11.385" errors="0">
  <testcase name="selectProduct" time="11.385" classname="testcases.ThirdTestCase"/>
</testsuite> <!-- testcases.ThirdTestCase -->
