<?xml version="1.0" encoding="UTF-8"?>
<!-- Generated by org.testng.reporters.JUnitReportReporter -->
<testsuite hostname="DESKTOP-N81QGQG" name="testcases.Secondtestcase" tests="2" failures="0" timestamp="17 Mar 2019 07:42:08 GMT" time="11.706" errors="0">
  <testcase name="verifyValidUser" time="5.195" classname="testcases.Secondtestcase"/>
  <testcase name="verifyValidUser" time="6.511" classname="testcases.Secondtestcase"/>
</testsuite> <!-- testcases.Secondtestcase -->
