<?xml version="1.0" encoding="UTF-8"?>
<!-- Generated by org.testng.reporters.JUnitReportReporter -->
<testsuite hostname="DESKTOP-N81QGQG" name="testcases.FirstTestCase4" tests="2" failures="0" timestamp="17 Mar 2019 21:42:10 GMT" time="3.199" errors="0">
  <testcase name="verifyValidUser" time="1.278" classname="testcases.FirstTestCase4"/>
  <testcase name="verifyLogin" time="1.921" classname="testcases.FirstTestCase4"/>
</testsuite> <!-- testcases.FirstTestCase4 -->
